Determining if the pthread_create exist failed with the following output:
Change Dir: /home/joseph/VOexamples/displaypointcloudmap/build/CMakeFiles/CMakeTmp

Run Build Command:"/usr/bin/make" "cmTC_36edc/fast"
/usr/bin/make -f CMakeFiles/cmTC_36edc.dir/build.make CMakeFiles/cmTC_36edc.dir/build
make[1]: Entering directory '/home/joseph/VOexamples/displaypointcloudmap/build/CMakeFiles/CMakeTmp'
Building C object CMakeFiles/cmTC_36edc.dir/CheckSymbolExists.c.o
/usr/bin/cc     -o CMakeFiles/cmTC_36edc.dir/CheckSymbolExists.c.o   -c /home/joseph/VOexamples/displaypointcloudmap/build/CMakeFiles/CMakeTmp/CheckSymbolExists.c
Linking C executable cmTC_36edc
/usr/bin/cmake -E cmake_link_script CMakeFiles/cmTC_36edc.dir/link.txt --verbose=1
/usr/bin/cc       CMakeFiles/cmTC_36edc.dir/CheckSymbolExists.c.o  -o cmTC_36edc -rdynamic 
CMakeFiles/cmTC_36edc.dir/CheckSymbolExists.c.o: In function `main':
CheckSymbolExists.c:(.text+0x16): undefined reference to `pthread_create'
collect2: error: ld returned 1 exit status
CMakeFiles/cmTC_36edc.dir/build.make:97: recipe for target 'cmTC_36edc' failed
make[1]: *** [cmTC_36edc] Error 1
make[1]: Leaving directory '/home/joseph/VOexamples/displaypointcloudmap/build/CMakeFiles/CMakeTmp'
Makefile:126: recipe for target 'cmTC_36edc/fast' failed
make: *** [cmTC_36edc/fast] Error 2

File /home/joseph/VOexamples/displaypointcloudmap/build/CMakeFiles/CMakeTmp/CheckSymbolExists.c:
/* */
#include <pthread.h>

int main(int argc, char** argv)
{
  (void)argv;
#ifndef pthread_create
  return ((int*)(&pthread_create))[argc];
#else
  (void)argc;
  return 0;
#endif
}

Determining if the function pthread_create exists in the pthreads failed with the following output:
Change Dir: /home/joseph/VOexamples/displaypointcloudmap/build/CMakeFiles/CMakeTmp

Run Build Command:"/usr/bin/make" "cmTC_95013/fast"
/usr/bin/make -f CMakeFiles/cmTC_95013.dir/build.make CMakeFiles/cmTC_95013.dir/build
make[1]: Entering directory '/home/joseph/VOexamples/displaypointcloudmap/build/CMakeFiles/CMakeTmp'
Building C object CMakeFiles/cmTC_95013.dir/CheckFunctionExists.c.o
/usr/bin/cc    -DCHECK_FUNCTION_EXISTS=pthread_create   -o CMakeFiles/cmTC_95013.dir/CheckFunctionExists.c.o   -c /usr/share/cmake-3.5/Modules/CheckFunctionExists.c
Linking C executable cmTC_95013
/usr/bin/cmake -E cmake_link_script CMakeFiles/cmTC_95013.dir/link.txt --verbose=1
/usr/bin/cc   -DCHECK_FUNCTION_EXISTS=pthread_create    CMakeFiles/cmTC_95013.dir/CheckFunctionExists.c.o  -o cmTC_95013 -rdynamic -lpthreads 
/usr/bin/ld: cannot find -lpthreads
collect2: error: ld returned 1 exit status
CMakeFiles/cmTC_95013.dir/build.make:97: recipe for target 'cmTC_95013' failed
make[1]: *** [cmTC_95013] Error 1
make[1]: Leaving directory '/home/joseph/VOexamples/displaypointcloudmap/build/CMakeFiles/CMakeTmp'
Makefile:126: recipe for target 'cmTC_95013/fast' failed
make: *** [cmTC_95013/fast] Error 2


